CRITICAL - 2021-05-01 11:55:04 --> Invalid file: default.php
#0 /Users/christian.aquino/Sites/localhost/semana-6/system/View/View.php(203): CodeIgniter\Exceptions\FrameworkException::forInvalidFile('default.php')
#1 /Users/christian.aquino/Sites/localhost/semana-6/system/View/View.php(236): CodeIgniter\View\View->render('default', Array, true)
#2 /Users/christian.aquino/Sites/localhost/semana-6/system/Common.php(1217): CodeIgniter\View\View->render('welcome_message', Array, true)
#3 /Users/christian.aquino/Sites/localhost/semana-6/app/Controllers/Home.php(9): view('welcome_message')
#4 /Users/christian.aquino/Sites/localhost/semana-6/system/CodeIgniter.php(936): App\Controllers\Home->index()
#5 /Users/christian.aquino/Sites/localhost/semana-6/system/CodeIgniter.php(432): CodeIgniter\CodeIgniter->runController(Object(App\Controllers\Home))
#6 /Users/christian.aquino/Sites/localhost/semana-6/system/CodeIgniter.php(333): CodeIgniter\CodeIgniter->handleRequest(NULL, Object(Config\Cache), false)
#7 /Users/christian.aquino/Sites/localhost/semana-6/public/index.php(44): CodeIgniter\CodeIgniter->run()
#8 /Users/christian.aquino/Sites/localhost/semana-6/system/Commands/Server/rewrite.php(45): require_once('/Users/christia...')
#9 {main}
CRITICAL - 2021-05-01 12:06:25 --> Invalid file: inicio.php
#0 /Users/christian.aquino/Sites/localhost/semana-6/system/View/View.php(203): CodeIgniter\Exceptions\FrameworkException::forInvalidFile('inicio.php')
#1 /Users/christian.aquino/Sites/localhost/semana-6/system/Common.php(1217): CodeIgniter\View\View->render('inicio', Array, true)
#2 /Users/christian.aquino/Sites/localhost/semana-6/app/Controllers/Home.php(17): view('inicio')
#3 /Users/christian.aquino/Sites/localhost/semana-6/system/CodeIgniter.php(936): App\Controllers\Home->index()
#4 /Users/christian.aquino/Sites/localhost/semana-6/system/CodeIgniter.php(432): CodeIgniter\CodeIgniter->runController(Object(App\Controllers\Home))
#5 /Users/christian.aquino/Sites/localhost/semana-6/system/CodeIgniter.php(333): CodeIgniter\CodeIgniter->handleRequest(NULL, Object(Config\Cache), false)
#6 /Users/christian.aquino/Sites/localhost/semana-6/public/index.php(44): CodeIgniter\CodeIgniter->run()
#7 /Users/christian.aquino/Sites/localhost/semana-6/system/Commands/Server/rewrite.php(45): require_once('/Users/christia...')
#8 {main}
CRITICAL - 2021-05-01 12:06:27 --> Invalid file: inicio.php
#0 /Users/christian.aquino/Sites/localhost/semana-6/system/View/View.php(203): CodeIgniter\Exceptions\FrameworkException::forInvalidFile('inicio.php')
#1 /Users/christian.aquino/Sites/localhost/semana-6/system/Common.php(1217): CodeIgniter\View\View->render('inicio', Array, true)
#2 /Users/christian.aquino/Sites/localhost/semana-6/app/Controllers/Home.php(17): view('inicio')
#3 /Users/christian.aquino/Sites/localhost/semana-6/system/CodeIgniter.php(936): App\Controllers\Home->index()
#4 /Users/christian.aquino/Sites/localhost/semana-6/system/CodeIgniter.php(432): CodeIgniter\CodeIgniter->runController(Object(App\Controllers\Home))
#5 /Users/christian.aquino/Sites/localhost/semana-6/system/CodeIgniter.php(333): CodeIgniter\CodeIgniter->handleRequest(NULL, Object(Config\Cache), false)
#6 /Users/christian.aquino/Sites/localhost/semana-6/public/index.php(44): CodeIgniter\CodeIgniter->run()
#7 /Users/christian.aquino/Sites/localhost/semana-6/system/Commands/Server/rewrite.php(45): require_once('/Users/christia...')
#8 {main}
